D:\DATAPROJECT\PROJECT_CODE_S2019\RESTAURANT\DEBUG\CMUGRAPHICS.OBJ
D:\DATAPROJECT\PROJECT_CODE_S2019\RESTAURANT\DEBUG\COLORS.OBJ
D:\DATAPROJECT\PROJECT_CODE_S2019\RESTAURANT\DEBUG\IMAGE.OBJ
D:\DATAPROJECT\PROJECT_CODE_S2019\RESTAURANT\DEBUG\KEYQUEUE.OBJ
D:\DATAPROJECT\PROJECT_CODE_S2019\RESTAURANT\DEBUG\MOUSEQUEUE.OBJ
D:\DATAPROJECT\PROJECT_CODE_S2019\RESTAURANT\DEBUG\WINDOWINPUT.OBJ
D:\DATAPROJECT\PROJECT_CODE_S2019\RESTAURANT\DEBUG\DEMO_MAIN.OBJ
D:\DATAPROJECT\PROJECT_CODE_S2019\RESTAURANT\DEBUG\EVENT.OBJ
D:\DATAPROJECT\PROJECT_CODE_S2019\RESTAURANT\DEBUG\ARRIVALEVENT.OBJ
D:\DATAPROJECT\PROJECT_CODE_S2019\RESTAURANT\DEBUG\GUI.OBJ
D:\DATAPROJECT\PROJECT_CODE_S2019\RESTAURANT\DEBUG\MOTORCYCLE.OBJ
D:\DATAPROJECT\PROJECT_CODE_S2019\RESTAURANT\DEBUG\ORDER.OBJ
D:\DATAPROJECT\PROJECT_CODE_S2019\RESTAURANT\DEBUG\RESTAURANT.OBJ
D:\DATAPROJECT\PROJECT_CODE_S2019\RESTAURANT\DEBUG\VIPORDERS.OBJ
D:\DATAPROJECT\PROJECT_CODE_S2019\RESTAURANT\DEBUG\VC110.PDB
D:\DataProject\Project_Code_S2019\Restaurant\Debug\ArrivalEvent.obj
D:\DataProject\Project_Code_S2019\Restaurant\Debug\CMUgraphics.obj
D:\DataProject\Project_Code_S2019\Restaurant\Debug\colors.obj
D:\DataProject\Project_Code_S2019\Restaurant\Debug\Demo_Main.obj
D:\DataProject\Project_Code_S2019\Restaurant\Debug\Event.obj
D:\DataProject\Project_Code_S2019\Restaurant\Debug\GUI.obj
D:\DataProject\Project_Code_S2019\Restaurant\Debug\image.obj
D:\DataProject\Project_Code_S2019\Restaurant\Debug\keyqueue.obj
D:\DataProject\Project_Code_S2019\Restaurant\Debug\Motorcycle.obj
D:\DataProject\Project_Code_S2019\Restaurant\Debug\mousequeue.obj
D:\DataProject\Project_Code_S2019\Restaurant\Debug\Order.obj
D:\DataProject\Project_Code_S2019\Restaurant\Debug\Restaurant.obj
D:\DataProject\Project_Code_S2019\Restaurant\Debug\VIPorders.obj
D:\DataProject\Project_Code_S2019\Restaurant\Debug\windowinput.obj
D:\DataProject\Project_Code_S2019\Restaurant\Debug\cl.command.1.tlog
D:\DataProject\Project_Code_S2019\Restaurant\Debug\CL.read.1.tlog
D:\DataProject\Project_Code_S2019\Restaurant\Debug\CL.write.1.tlog
D:\DataProject\Project_Code_S2019\Restaurant\Debug\vc110.idb
D:\DataProject\Project_Code_S2019\Restaurant\Debug\vc110.pdb
