Build started 3/21/2019 10:27:44 PM.
     1>Project "C:\Users\Alvera\Desktop\New folder\Project_Code_S2019\Restaurant\Restaurant.vcxproj" on node 2 (Build target(s)).
     1>ClCompile:
         C:\Program Files (x86)\Microsoft Visual Studio 11.0\VC\bin\CL.exe /c /ZI /nologo /W3 /WX- /Od /Oy- /D WIN32 /D _DEBUG /D _CONSOLE /D _MBCS /Gm /EHsc /RTC1 /MDd /GS /fp:precise /Zc:wchar_t /Zc:forScope /Fo"Debug\\" /Fd"Debug\vc110.pdb" /Gd /TP /analyze- /errorReport:prompt Demo_Main.cpp Events\ArrivalEvent.cpp Rest\Restaurant.cpp
         Restaurant.cpp
     1>c:\users\alvera\desktop\new folder\project_code_s2019\restaurant\generic_ds\prioritynode.h(39): warning C4812: obsolete declaration style: please use 'PriorityNode<T>::PriorityNode' instead
     1>c:\users\alvera\desktop\new folder\project_code_s2019\restaurant\generic_ds\prioritynode.h(41): warning C4812: obsolete declaration style: please use 'PriorityNode<T>::~PriorityNode' instead
     1>c:\users\alvera\desktop\new folder\project_code_s2019\restaurant\rest\restaurant.cpp(164): warning C4244: 'argument' : conversion from 'time_t' to 'unsigned int', possible loss of data
     1>c:\users\alvera\desktop\new folder\project_code_s2019\restaurant\rest\restaurant.cpp(207): warning C4996: 'itoa': The POSIX name for this item is deprecated. Instead, use the ISO C++ conformant name: _itoa. See online help for details.
                 c:\program files (x86)\microsoft visual studio 11.0\vc\include\stdlib.h(909) : see declaration of 'itoa'
         Generating Code...
     1>c:\users\alvera\desktop\new folder\project_code_s2019\restaurant\rest\restaurant.cpp(64): warning C4700: uninitialized local variable 'tm' used
         Skipping... (no relevant changes detected)
         ArrivalEvent.cpp
         Demo_Main.cpp
       Link:
         C:\Program Files (x86)\Microsoft Visual Studio 11.0\VC\bin\link.exe /ERRORREPORT:PROMPT /OUT:"C:\Users\Alvera\Desktop\New folder\Project_Code_S2019\Debug\Restaurant.exe" /INCREMENTAL /NOLOGO kernel32.lib user32.lib gdi32.lib winspool.lib comdlg32.lib advapi32.lib shell32.lib ole32.lib oleaut32.lib uuid.lib odbc32.lib odbccp32.lib /MANIFEST /MANIFESTUAC:"level='asInvoker' uiAccess='false'" /manifest:embed /DEBUG /PDB:"C:\Users\Alvera\Desktop\New folder\Project_Code_S2019\Debug\Restaurant.pdb" /SUBSYSTEM:CONSOLE /TLBID:1 /DYNAMICBASE /NXCOMPAT /IMPLIB:"C:\Users\Alvera\Desktop\New folder\Project_Code_S2019\Debug\Restaurant.lib" /MACHINE:X86 Debug\CMUgraphics.obj
         Debug\colors.obj
         Debug\image.obj
         Debug\jpegload.obj
         Debug\jcomapi.obj
         Debug\jcparam.obj
         Debug\jdapimin.obj
         Debug\jdapistd.obj
         Debug\jdatasrc.obj
         Debug\jdcoefct.obj
         Debug\jdcolor.obj
         Debug\jddctmgr.obj
         Debug\jdhuff.obj
         Debug\jdinput.obj
         Debug\jdmainct.obj
         Debug\jdmarker.obj
         Debug\jdmaster.obj
         Debug\jdmerge.obj
         Debug\jdphuff.obj
         Debug\jdpostct.obj
         Debug\jdsample.obj
         Debug\jdtrans.obj
         Debug\jerror.obj
         Debug\jidctflt.obj
         Debug\jidctfst.obj
         Debug\jidctint.obj
         Debug\jidctred.obj
         Debug\jmemmgr.obj
         Debug\jmemnobs.obj
         Debug\jquant1.obj
         Debug\jquant2.obj
         Debug\jutils.obj
         Debug\keyqueue.obj
         Debug\mousequeue.obj
         Debug\windowinput.obj
         Debug\Demo_Main.obj
         Debug\Event.obj
         Debug\ArrivalEvent.obj
         Debug\GUI.obj
         Debug\Motorcycle.obj
         Debug\Order.obj
         Debug\Region.obj
         Debug\Restaurant.obj
         Restaurant.vcxproj -> C:\Users\Alvera\Desktop\New folder\Project_Code_S2019\Debug\Restaurant.exe
     1>Done Building Project "C:\Users\Alvera\Desktop\New folder\Project_Code_S2019\Restaurant\Restaurant.vcxproj" (Build target(s)).

Build succeeded.

Time Elapsed 00:00:04.00
